16:45:08.742 [ATL-Logging-Thread] INFO  - Organising filesystem

16:45:08.745 [ATL-Logging-Thread] INFO  - ATLauncher Version: 3.4.38.2 [b6f3b1ac61b9be9f3d4573d01dc291077f7ad130]

16:45:08.745 [ATL-Logging-Thread] INFO  - App Arguments: ["--working-dir","**USERSDIR**","--no-launcher-update"]

16:45:08.746 [ATL-Logging-Thread] INFO  - JVM Arguments: []

16:45:08.746 [ATL-Logging-Thread] INFO  - Java Version: Java 21 (21.0.7)

16:45:08.760 [ATL-Logging-Thread] INFO  - Java Path: /nix/store/bgskkrbv4gi5fz3w7sh031xxmi39ipc2-openjdk-21.0.7+6/lib/openjdk

16:45:08.763 [ATL-Logging-Thread] INFO  - 64 Bit Java: true

16:45:08.765 [ATL-Logging-Thread] INFO  - RAM Available: 15370MB

16:45:08.766 [ATL-Logging-Thread] INFO  - Launcher Directory: **USERSDIR**

16:45:08.780 [ATL-Logging-Thread] INFO  - GPU: unknown (unknown) unknown 0MB VRAM

16:45:08.920 [ATL-Logging-Thread] INFO  - CPU: AMD Ryzen 5 5600H with Radeon Graphics 6 cores/12 threads

16:45:08.921 [ATL-Logging-Thread] INFO  - Operating System: NixOS (25.11 (Xantusia) build 6.15.5)

16:45:08.922 [ATL-Logging-Thread] INFO  - Bitness: 64

16:45:08.923 [ATL-Logging-Thread] INFO  - Uptime: 29367

16:45:08.928 [ATL-Logging-Thread] INFO  - Manufacturer: GNU/Linux

16:45:08.929 [ATL-Logging-Thread] INFO  - Showing splash screen and loading everything

16:45:08.931 [ATL-Logging-Thread] INFO  - Checking for updated files!

16:45:11.882 [ATL-Logging-Thread] INFO  - Finished downloading updated files!

16:45:14.805 [ATL-Logging-Thread] INFO  - Launcher finished loading everything

16:45:14.806 [ATL-Logging-Thread] WARN  - Launcher not setup. Loading Setup Dialog

16:45:15.076 [ATL-Logging-Thread] ERROR - Error on GraphQL query

16:45:15.076 [ATL-Logging-Thread] ERROR - com.apollographql.apollo.exception.ApolloHttpException: HTTP 403 Forbidden

16:45:15.078 [ATL-Logging-Thread] ERROR - 	at com.apollographql.apollo.internal.interceptor.ApolloParseInterceptor.parse(ApolloParseInterceptor.java:108)

16:45:15.079 [ATL-Logging-Thread] ERROR - 	at com.apollographql.apollo.internal.interceptor.ApolloParseInterceptor$1.onResponse(ApolloParseInterceptor.java:53)

16:45:15.081 [ATL-Logging-Thread] ERROR - 	at com.apollographql.apollo.internal.interceptor.ApolloServerInterceptor$executeHttpCall$1.onResponse(ApolloServerInterceptor.kt:114)

16:45:15.083 [ATL-Logging-Thread] ERROR - 	at okhttp3.internal.connection.RealCall$AsyncCall.run(RealCall.kt:519)

16:45:15.084 [ATL-Logging-Thread] ERROR - 	at java.base/java.util.concurrent.ThreadPoolExecutor.runWorker(ThreadPoolExecutor.java:1144)

16:45:15.085 [ATL-Logging-Thread] ERROR - 	at java.base/java.util.concurrent.ThreadPoolExecutor$Worker.run(ThreadPoolExecutor.java:642)

16:45:15.086 [ATL-Logging-Thread] ERROR - 	at java.base/java.lang.Thread.run(Thread.java:1583)

16:45:15.087 [ATL-Logging-Thread] ERROR - com.apollographql.apollo.exception.ApolloHttpException: HTTP 403 Forbidden
	at com.apollographql.apollo.internal.interceptor.ApolloParseInterceptor.parse(ApolloParseInterceptor.java:108)
	at com.apollographql.apollo.internal.interceptor.ApolloParseInterceptor$1.onResponse(ApolloParseInterceptor.java:53)
	at com.apollographql.apollo.internal.interceptor.ApolloServerInterceptor$executeHttpCall$1.onResponse(ApolloServerInterceptor.kt:114)
	at okhttp3.internal.connection.RealCall$AsyncCall.run(RealCall.kt:519)
	at java.base/java.util.concurrent.ThreadPoolExecutor.runWorker(ThreadPoolExecutor.java:1144)
	at java.base/java.util.concurrent.ThreadPoolExecutor$Worker.run(ThreadPoolExecutor.java:642)
	at java.base/java.lang.Thread.run(Thread.java:1583)

16:45:17.361 [ATL-Logging-Thread] INFO  - Launcher opening

16:45:17.361 [ATL-Logging-Thread] INFO  - Made By Bob*

16:45:17.361 [ATL-Logging-Thread] INFO  - *(Not Actually)

16:45:17.362 [ATL-Logging-Thread] INFO  - Setting up Bottom Bar

16:45:17.389 [ATL-Logging-Thread] INFO  - Finished Setting up Bottom Bar

16:45:17.389 [ATL-Logging-Thread] INFO  - Setting up Tabs

16:45:17.614 [ATL-Logging-Thread] INFO  - Finished Setting up Tabs

16:45:17.622 [ATL-Logging-Thread] INFO  - Showing Launcher

16:45:49.228 [ATL-Logging-Thread] INFO  - Logging into Minecraft!

16:45:49.253 [ATL-Logging-Thread] ERROR - error response: Unknown Error Occurred

